Traceback (most recent call last):
  File "<frozen runpy>", line 198, in _run_module_as_main
  File "<frozen runpy>", line 88, in _run_code
  File "D:\Codes\Quantum\DriftAdaptiveQEC\cnn_fpga\benchmark\run_p4_multiscenario_benchmark.py", line 458, in <module>
    raise SystemExit(main())
                     ^^^^^^
  File "D:\Codes\Quantum\DriftAdaptiveQEC\cnn_fpga\benchmark\run_p4_multiscenario_benchmark.py", line 276, in main
    summary = run_hil_session(run_cfg, repeat_run_dir)
              ^^^^^^^^^^^^^^^^^^^^^^^^^^^^^^^^^^^^^^^^
  File "D:\Codes\Quantum\DriftAdaptiveQEC\cnn_fpga\benchmark\run_hil_suite.py", line 395, in run_hil_session
    save_json(run_dir / "hil_summary.json", summary)
  File "D:\Codes\Quantum\DriftAdaptiveQEC\cnn_fpga\utils\config.py", line 88, in save_json
    with out_path.open("w", encoding="utf-8") as f:
         ^^^^^^^^^^^^^^^^^^^^^^^^^^^^^^^^^^^^
  File "C:\ProgramData\anaconda3\envs\DLEnv\Lib\pathlib.py", line 1013, in open
    return io.open(self, mode, buffering, encoding, errors, newline)
           ^^^^^^^^^^^^^^^^^^^^^^^^^^^^^^^^^^^^^^^^^^^^^^^^^^^^^^^^^
FileNotFoundError: [Errno 2] No such file or directory: 'D:\\Codes\\Quantum\\DriftAdaptiveQEC\\runs\\p4_no_teacher_params_stability\\stability_20260405_222821\\benchmark_runs\\p4_benchmark\\p4_no_teacher_params_stability_seed_20260405_20260405_222837_6e081f17f36e_39904\\static_bias_theta\\hybrid_full\\repeat_00\\hil_summary.json'
Traceback (most recent call last):
  File "<frozen runpy>", line 198, in _run_module_as_main
  File "<frozen runpy>", line 88, in _run_code
  File "D:\Codes\Quantum\DriftAdaptiveQEC\cnn_fpga\benchmark\run_p4_no_teacher_params_stability.py", line 320, in <module>
    raise SystemExit(main())
                     ^^^^^^
  File "D:\Codes\Quantum\DriftAdaptiveQEC\cnn_fpga\benchmark\run_p4_no_teacher_params_stability.py", line 282, in main
    _run_module("cnn_fpga.benchmark.run_p4_multiscenario_benchmark", benchmark_config_path, extra_args=extra_args)
  File "D:\Codes\Quantum\DriftAdaptiveQEC\cnn_fpga\benchmark\run_p4_no_teacher_params_stability.py", line 105, in _run_module
    subprocess.run(cmd, check=True, cwd=REPO_ROOT)
  File "C:\ProgramData\anaconda3\envs\DLEnv\Lib\subprocess.py", line 573, in run
    raise CalledProcessError(retcode, process.args,
subprocess.CalledProcessError: Command '['C:\\ProgramData\\anaconda3\\envs\\DLEnv\\python.exe', '-m', 'cnn_fpga.benchmark.run_p4_multiscenario_benchmark', '--config', 'D:\\Codes\\Quantum\\DriftAdaptiveQEC\\runs\\p4_no_teacher_params_stability\\stability_20260405_222821\\configs\\seed_20260405\\benchmark.yaml', '--repeats', '4']' returned non-zero exit status 1.
