Training complete.
Model: D:\Codes\Quantum\DriftAdaptiveQEC\runs\p4_no_teacher_params_stability\stability_20260405_222821\generated\seed_20260405\hybrid_full\models\tiny_cnn_20260405_222829_13a72b11b5bc.npz
Train MSE: 0.000002, Val MSE: 0.000002
Evaluation complete.
Model: D:\Codes\Quantum\DriftAdaptiveQEC\runs\p4_no_teacher_params_stability\stability_20260405_222821\generated\seed_20260405\hybrid_full\models\tiny_cnn_20260405_222829_13a72b11b5bc.npz
Split: test, Samples: 206
MSE: 0.000002, MAE: 0.001318, R2_mean: 0.132694
Report: D:\Codes\Quantum\DriftAdaptiveQEC\runs\p4_no_teacher_params_stability\stability_20260405_222821\generated\seed_20260405\hybrid_full\reports\eval_test_20260405_222830.json
Training complete.
Model: D:\Codes\Quantum\DriftAdaptiveQEC\runs\p4_no_teacher_params_stability\stability_20260405_222821\generated\seed_20260405\hybrid_no_teacher_params\models\tiny_cnn_20260405_222835_97407ff4fea9.npz
Train MSE: 0.000002, Val MSE: 0.000002
Evaluation complete.
Model: D:\Codes\Quantum\DriftAdaptiveQEC\runs\p4_no_teacher_params_stability\stability_20260405_222821\generated\seed_20260405\hybrid_no_teacher_params\models\tiny_cnn_20260405_222835_97407ff4fea9.npz
Split: test, Samples: 206
MSE: 0.000002, MAE: 0.001303, R2_mean: 0.199123
Report: D:\Codes\Quantum\DriftAdaptiveQEC\runs\p4_no_teacher_params_stability\stability_20260405_222821\generated\seed_20260405\hybrid_no_teacher_params\reports\eval_test_20260405_222837.json
[static_bias_theta][ukf][rep=00] LER=0.826012, overflow=0.002656, hist_sat=0.002656
[static_bias_theta][ukf][rep=01] LER=0.825740, overflow=0.002724, hist_sat=0.002724
[static_bias_theta][ukf][rep=02] LER=0.828355, overflow=0.002629, hist_sat=0.002629
[static_bias_theta][ukf][rep=03] LER=0.826554, overflow=0.002690, hist_sat=0.002690
[run] C:\ProgramData\anaconda3\envs\DLEnv\python.exe -m cnn_fpga.model.train --config D:\Codes\Quantum\DriftAdaptiveQEC\runs\p4_no_teacher_params_stability\stability_20260405_222821\configs\seed_20260405\hybrid_full.yaml
[run] C:\ProgramData\anaconda3\envs\DLEnv\python.exe -m cnn_fpga.model.evaluate --config D:\Codes\Quantum\DriftAdaptiveQEC\runs\p4_no_teacher_params_stability\stability_20260405_222821\configs\seed_20260405\hybrid_full.yaml
[run] C:\ProgramData\anaconda3\envs\DLEnv\python.exe -m cnn_fpga.model.train --config D:\Codes\Quantum\DriftAdaptiveQEC\runs\p4_no_teacher_params_stability\stability_20260405_222821\configs\seed_20260405\hybrid_no_teacher_params.yaml
[run] C:\ProgramData\anaconda3\envs\DLEnv\python.exe -m cnn_fpga.model.evaluate --config D:\Codes\Quantum\DriftAdaptiveQEC\runs\p4_no_teacher_params_stability\stability_20260405_222821\configs\seed_20260405\hybrid_no_teacher_params.yaml
[run] C:\ProgramData\anaconda3\envs\DLEnv\python.exe -m cnn_fpga.benchmark.run_p4_multiscenario_benchmark --config D:\Codes\Quantum\DriftAdaptiveQEC\runs\p4_no_teacher_params_stability\stability_20260405_222821\configs\seed_20260405\benchmark.yaml --repeats 4
